<?xml version="1.0" encoding="UTF-8"?>
<!-- Generated by org.testng.reporters.JUnitXMLReporter -->
<testsuite ignored="0" hostname="LAPTOP-741J8H39" failures="0" tests="3" name="Default test" time="15.464" errors="0" timestamp="2023-01-10T21:38:36 IST">
  <testcase classname="KayakPageTestCases.Page1TestCases" name="scrollPageTest" time="0.983"/>
  <testcase classname="KayakPageTestCases.Page1TestCases" name="verifyCurrentUrl" time="0.432"/>
  <testcase classname="KayakPageTestCases.Page1TestCases" name="verifyTitleTest" time="0.496"/>
</testsuite> <!-- Default test -->
