<?xml version="1.0" encoding="UTF-8"?>
<testng-results ignored="0" total="3" passed="3" failed="0" skipped="0">
  <reporter-output>
    <line>
      <![CDATA[Current URL:- https://www.kayak.co.in/]]>
    </line>
    <line>
      <![CDATA[Actual title is = Search Flights, Hotels & Rental Cars | KAYAK]]>
    </line>
  </reporter-output>
  <suite started-at="2023-01-10T21:38:21 IST" name="Default suite" finished-at="2023-01-10T21:38:36 IST" duration-ms="15464">
    <groups>
    </groups>
    <test started-at="2023-01-10T21:38:21 IST" name="Default test" finished-at="2023-01-10T21:38:36 IST" duration-ms="15464">
      <class name="KayakPageTestCases.Page1TestCases">
        <test-method is-config="true" signature="setup()[pri:0, instance:KayakPageTestCases.Page1TestCases@1622f1b]" started-at="2023-01-10T21:38:21 IST" name="setup" finished-at="2023-01-10T21:38:26 IST" duration-ms="5748" status="PASS">
          <reporter-output>
          </reporter-output>
        </test-method> <!-- setup -->
        <test-method signature="scrollPageTest()[pri:0, instance:KayakPageTestCases.Page1TestCases@1622f1b]" started-at="2023-01-10T21:38:27 IST" name="scrollPageTest" finished-at="2023-01-10T21:38:27 IST" duration-ms="983" status="PASS">
          <reporter-output>
          </reporter-output>
        </test-method> <!-- scrollPageTest -->
        <test-method is-config="true" signature="closeBrowser()[pri:0, instance:KayakPageTestCases.Page1TestCases@1622f1b]" started-at="2023-01-10T21:38:27 IST" name="closeBrowser" finished-at="2023-01-10T21:38:28 IST" duration-ms="326" status="PASS">
          <reporter-output>
          </reporter-output>
        </test-method> <!-- closeBrowser -->
        <test-method is-config="true" signature="setup()[pri:0, instance:KayakPageTestCases.Page1TestCases@1622f1b]" started-at="2023-01-10T21:38:28 IST" name="setup" finished-at="2023-01-10T21:38:31 IST" duration-ms="3391" status="PASS">
          <reporter-output>
          </reporter-output>
        </test-method> <!-- setup -->
        <test-method signature="verifyCurrentUrl()[pri:0, instance:KayakPageTestCases.Page1TestCases@1622f1b]" started-at="2023-01-10T21:38:31 IST" name="verifyCurrentUrl" finished-at="2023-01-10T21:38:32 IST" duration-ms="432" status="PASS">
          <reporter-output>
            <line>
              <![CDATA[Current URL:- https://www.kayak.co.in/]]>
            </line>
          </reporter-output>
        </test-method> <!-- verifyCurrentUrl -->
        <test-method is-config="true" signature="closeBrowser()[pri:0, instance:KayakPageTestCases.Page1TestCases@1622f1b]" started-at="2023-01-10T21:38:32 IST" name="closeBrowser" finished-at="2023-01-10T21:38:32 IST" duration-ms="197" status="PASS">
          <reporter-output>
          </reporter-output>
        </test-method> <!-- closeBrowser -->
        <test-method is-config="true" signature="setup()[pri:0, instance:KayakPageTestCases.Page1TestCases@1622f1b]" started-at="2023-01-10T21:38:32 IST" name="setup" finished-at="2023-01-10T21:38:36 IST" duration-ms="3684" status="PASS">
          <reporter-output>
          </reporter-output>
        </test-method> <!-- setup -->
        <test-method signature="verifyTitleTest()[pri:0, instance:KayakPageTestCases.Page1TestCases@1622f1b]" started-at="2023-01-10T21:38:36 IST" name="verifyTitleTest" finished-at="2023-01-10T21:38:36 IST" duration-ms="496" status="PASS">
          <reporter-output>
            <line>
              <![CDATA[Actual title is = Search Flights, Hotels & Rental Cars | KAYAK]]>
            </line>
          </reporter-output>
        </test-method> <!-- verifyTitleTest -->
        <test-method is-config="true" signature="closeBrowser()[pri:0, instance:KayakPageTestCases.Page1TestCases@1622f1b]" started-at="2023-01-10T21:38:36 IST" name="closeBrowser" finished-at="2023-01-10T21:38:36 IST" duration-ms="157" status="PASS">
          <reporter-output>
          </reporter-output>
        </test-method> <!-- closeBrowser -->
      </class> <!-- KayakPageTestCases.Page1TestCases -->
    </test> <!-- Default test -->
  </suite> <!-- Default suite -->
</testng-results>
